
hello_world.elf:     file format elf32-littleriscv


Disassembly of section .text:

10000000 <_ftext>:
10000000:	0b00006f          	j	100000b0 <crt_init>
10000004:	00000013          	nop
10000008:	00000013          	nop
1000000c:	00000013          	nop
10000010:	00000013          	nop
10000014:	00000013          	nop
10000018:	00000013          	nop
1000001c:	00000013          	nop

10000020 <trap_entry>:
10000020:	fe112e23          	sw	ra,-4(sp)
10000024:	fe512c23          	sw	t0,-8(sp)
10000028:	fe612a23          	sw	t1,-12(sp)
1000002c:	fe712823          	sw	t2,-16(sp)
10000030:	fea12623          	sw	a0,-20(sp)
10000034:	feb12423          	sw	a1,-24(sp)
10000038:	fec12223          	sw	a2,-28(sp)
1000003c:	fed12023          	sw	a3,-32(sp)
10000040:	fce12e23          	sw	a4,-36(sp)
10000044:	fcf12c23          	sw	a5,-40(sp)
10000048:	fd012a23          	sw	a6,-44(sp)
1000004c:	fd112823          	sw	a7,-48(sp)
10000050:	fdc12623          	sw	t3,-52(sp)
10000054:	fdd12423          	sw	t4,-56(sp)
10000058:	fde12223          	sw	t5,-60(sp)
1000005c:	fdf12023          	sw	t6,-64(sp)
10000060:	fc010113          	addi	sp,sp,-64
10000064:	110000ef          	jal	ra,10000174 <isr>
10000068:	03c12083          	lw	ra,60(sp)
1000006c:	03812283          	lw	t0,56(sp)
10000070:	03412303          	lw	t1,52(sp)
10000074:	03012383          	lw	t2,48(sp)
10000078:	02c12503          	lw	a0,44(sp)
1000007c:	02812583          	lw	a1,40(sp)
10000080:	02412603          	lw	a2,36(sp)
10000084:	02012683          	lw	a3,32(sp)
10000088:	01c12703          	lw	a4,28(sp)
1000008c:	01812783          	lw	a5,24(sp)
10000090:	01412803          	lw	a6,20(sp)
10000094:	01012883          	lw	a7,16(sp)
10000098:	00c12e03          	lw	t3,12(sp)
1000009c:	00812e83          	lw	t4,8(sp)
100000a0:	00412f03          	lw	t5,4(sp)
100000a4:	00012f83          	lw	t6,0(sp)
100000a8:	04010113          	addi	sp,sp,64
100000ac:	30200073          	mret

100000b0 <crt_init>:
100000b0:	40000113          	li	sp,1024
100000b4:	00000517          	auipc	a0,0x0
100000b8:	f6c50513          	addi	a0,a0,-148 # 10000020 <trap_entry>
100000bc:	30551073          	csrw	mtvec,a0

100000c0 <data_init>:
100000c0:	00000513          	li	a0,0
100000c4:	00000593          	li	a1,0
100000c8:	00001617          	auipc	a2,0x1
100000cc:	03860613          	addi	a2,a2,56 # 10001100 <_fdata_rom>

100000d0 <data_loop>:
100000d0:	00b50c63          	beq	a0,a1,100000e8 <bss_init>
100000d4:	00062683          	lw	a3,0(a2)
100000d8:	00d52023          	sw	a3,0(a0)
100000dc:	00450513          	addi	a0,a0,4
100000e0:	00460613          	addi	a2,a2,4
100000e4:	fedff06f          	j	100000d0 <data_loop>

100000e8 <bss_init>:
100000e8:	00000513          	li	a0,0
100000ec:	01000593          	li	a1,16

100000f0 <bss_loop>:
100000f0:	00b50863          	beq	a0,a1,10000100 <bss_done>
100000f4:	00052023          	sw	zero,0(a0)
100000f8:	00450513          	addi	a0,a0,4
100000fc:	ff5ff06f          	j	100000f0 <bss_loop>

10000100 <bss_done>:
10000100:	00001537          	lui	a0,0x1
10000104:	88050513          	addi	a0,a0,-1920 # 880 <_fstack+0x480>
10000108:	30451073          	csrw	mie,a0
1000010c:	4b9000ef          	jal	ra,10000dc4 <main>

10000110 <infinit_loop>:
10000110:	0000006f          	j	10000110 <infinit_loop>

10000114 <flush_cpu_icache>:
10000114:	ff010113          	addi	sp,sp,-16
10000118:	00812623          	sw	s0,12(sp)
1000011c:	01010413          	addi	s0,sp,16
10000120:	00000013          	nop
10000124:	00c12403          	lw	s0,12(sp)
10000128:	01010113          	addi	sp,sp,16
1000012c:	00008067          	ret

10000130 <flush_cpu_dcache>:
10000130:	ff010113          	addi	sp,sp,-16
10000134:	00812623          	sw	s0,12(sp)
10000138:	01010413          	addi	s0,sp,16
1000013c:	00000013          	nop
10000140:	00c12403          	lw	s0,12(sp)
10000144:	01010113          	addi	sp,sp,16
10000148:	00008067          	ret

1000014c <irq_setmask>:
1000014c:	fe010113          	addi	sp,sp,-32
10000150:	00812e23          	sw	s0,28(sp)
10000154:	02010413          	addi	s0,sp,32
10000158:	fea42623          	sw	a0,-20(s0)
1000015c:	fec42783          	lw	a5,-20(s0)
10000160:	bc079073          	csrw	0xbc0,a5
10000164:	00000013          	nop
10000168:	01c12403          	lw	s0,28(sp)
1000016c:	02010113          	addi	sp,sp,32
10000170:	00008067          	ret

10000174 <isr>:
10000174:	ff010113          	addi	sp,sp,-16
10000178:	00112623          	sw	ra,12(sp)
1000017c:	00812423          	sw	s0,8(sp)
10000180:	01010413          	addi	s0,sp,16
10000184:	00000513          	li	a0,0
10000188:	fc5ff0ef          	jal	ra,1000014c <irq_setmask>
1000018c:	f00057b7          	lui	a5,0xf0005
10000190:	01c78793          	addi	a5,a5,28 # f000501c <_fdata_rom+0xe0003f1c>
10000194:	0007a023          	sw	zero,0(a5)
10000198:	f00057b7          	lui	a5,0xf0005
1000019c:	00c78793          	addi	a5,a5,12 # f000500c <_fdata_rom+0xe0003f0c>
100001a0:	00100713          	li	a4,1
100001a4:	00e7a023          	sw	a4,0(a5)
100001a8:	f00057b7          	lui	a5,0xf0005
100001ac:	01078793          	addi	a5,a5,16 # f0005010 <_fdata_rom+0xe0003f10>
100001b0:	0007a783          	lw	a5,0(a5)
100001b4:	00079863          	bnez	a5,100001c4 <isr+0x50>
100001b8:	00100713          	li	a4,1
100001bc:	00e01423          	sh	a4,8(zero) # 8 <flag>
100001c0:	0180006f          	j	100001d8 <isr+0x64>
100001c4:	f00057b7          	lui	a5,0xf0005
100001c8:	01c78793          	addi	a5,a5,28 # f000501c <_fdata_rom+0xe0003f1c>
100001cc:	00100713          	li	a4,1
100001d0:	00e7a023          	sw	a4,0(a5)
100001d4:	00000013          	nop
100001d8:	00c12083          	lw	ra,12(sp)
100001dc:	00812403          	lw	s0,8(sp)
100001e0:	01010113          	addi	sp,sp,16
100001e4:	00008067          	ret

100001e8 <flush_cpu_icache>:
100001e8:	ff010113          	addi	sp,sp,-16
100001ec:	00812623          	sw	s0,12(sp)
100001f0:	01010413          	addi	s0,sp,16
100001f4:	00000013          	nop
100001f8:	00c12403          	lw	s0,12(sp)
100001fc:	01010113          	addi	sp,sp,16
10000200:	00008067          	ret

10000204 <flush_cpu_dcache>:
10000204:	ff010113          	addi	sp,sp,-16
10000208:	00812623          	sw	s0,12(sp)
1000020c:	01010413          	addi	s0,sp,16
10000210:	00000013          	nop
10000214:	00c12403          	lw	s0,12(sp)
10000218:	01010113          	addi	sp,sp,16
1000021c:	00008067          	ret

10000220 <putchar>:
10000220:	fe010113          	addi	sp,sp,-32
10000224:	00112e23          	sw	ra,28(sp)
10000228:	00812c23          	sw	s0,24(sp)
1000022c:	02010413          	addi	s0,sp,32
10000230:	00050793          	mv	a5,a0
10000234:	fef407a3          	sb	a5,-17(s0)
10000238:	fef44703          	lbu	a4,-17(s0)
1000023c:	00a00793          	li	a5,10
10000240:	00f71663          	bne	a4,a5,1000024c <putchar+0x2c>
10000244:	00d00513          	li	a0,13
10000248:	fd9ff0ef          	jal	ra,10000220 <putchar>
1000024c:	00000013          	nop
10000250:	f00067b7          	lui	a5,0xf0006
10000254:	80478793          	addi	a5,a5,-2044 # f0005804 <_fdata_rom+0xe0004704>
10000258:	0007a703          	lw	a4,0(a5)
1000025c:	00100793          	li	a5,1
10000260:	fef708e3          	beq	a4,a5,10000250 <putchar+0x30>
10000264:	f00067b7          	lui	a5,0xf0006
10000268:	80078793          	addi	a5,a5,-2048 # f0005800 <_fdata_rom+0xe0004700>
1000026c:	fef44703          	lbu	a4,-17(s0)
10000270:	00e7a023          	sw	a4,0(a5)
10000274:	00000013          	nop
10000278:	01c12083          	lw	ra,28(sp)
1000027c:	01812403          	lw	s0,24(sp)
10000280:	02010113          	addi	sp,sp,32
10000284:	00008067          	ret

10000288 <print>:
10000288:	fe010113          	addi	sp,sp,-32
1000028c:	00112e23          	sw	ra,28(sp)
10000290:	00812c23          	sw	s0,24(sp)
10000294:	02010413          	addi	s0,sp,32
10000298:	fea42623          	sw	a0,-20(s0)
1000029c:	01c0006f          	j	100002b8 <print+0x30>
100002a0:	fec42783          	lw	a5,-20(s0)
100002a4:	00178713          	addi	a4,a5,1
100002a8:	fee42623          	sw	a4,-20(s0)
100002ac:	0007c783          	lbu	a5,0(a5)
100002b0:	00078513          	mv	a0,a5
100002b4:	f6dff0ef          	jal	ra,10000220 <putchar>
100002b8:	fec42783          	lw	a5,-20(s0)
100002bc:	0007c783          	lbu	a5,0(a5)
100002c0:	fe0790e3          	bnez	a5,100002a0 <print+0x18>
100002c4:	00000013          	nop
100002c8:	01c12083          	lw	ra,28(sp)
100002cc:	01812403          	lw	s0,24(sp)
100002d0:	02010113          	addi	sp,sp,32
100002d4:	00008067          	ret

100002d8 <print_hex>:
100002d8:	fd010113          	addi	sp,sp,-48
100002dc:	02112623          	sw	ra,44(sp)
100002e0:	02812423          	sw	s0,40(sp)
100002e4:	03010413          	addi	s0,sp,48
100002e8:	fca42e23          	sw	a0,-36(s0)
100002ec:	fcb42c23          	sw	a1,-40(s0)
100002f0:	fd842783          	lw	a5,-40(s0)
100002f4:	fff78793          	addi	a5,a5,-1
100002f8:	fef42623          	sw	a5,-20(s0)
100002fc:	0440006f          	j	10000340 <print_hex+0x68>
10000300:	fec42783          	lw	a5,-20(s0)
10000304:	00279793          	slli	a5,a5,0x2
10000308:	fdc42703          	lw	a4,-36(s0)
1000030c:	00f757b3          	srl	a5,a4,a5
10000310:	00f7f713          	andi	a4,a5,15
10000314:	100017b7          	lui	a5,0x10001
10000318:	00078793          	mv	a5,a5
1000031c:	00f707b3          	add	a5,a4,a5
10000320:	0007c783          	lbu	a5,0(a5) # 10001000 <_etext>
10000324:	fef405a3          	sb	a5,-21(s0)
10000328:	feb44783          	lbu	a5,-21(s0)
1000032c:	00078513          	mv	a0,a5
10000330:	ef1ff0ef          	jal	ra,10000220 <putchar>
10000334:	fec42783          	lw	a5,-20(s0)
10000338:	fff78793          	addi	a5,a5,-1
1000033c:	fef42623          	sw	a5,-20(s0)
10000340:	fec42783          	lw	a5,-20(s0)
10000344:	fa07dee3          	bgez	a5,10000300 <print_hex+0x28>
10000348:	00000013          	nop
1000034c:	02c12083          	lw	ra,44(sp)
10000350:	02812403          	lw	s0,40(sp)
10000354:	03010113          	addi	sp,sp,48
10000358:	00008067          	ret

1000035c <print_dec>:
1000035c:	fe010113          	addi	sp,sp,-32
10000360:	00112e23          	sw	ra,28(sp)
10000364:	00812c23          	sw	s0,24(sp)
10000368:	02010413          	addi	s0,sp,32
1000036c:	fea42623          	sw	a0,-20(s0)
10000370:	fec42703          	lw	a4,-20(s0)
10000374:	7cf00793          	li	a5,1999
10000378:	00e7fa63          	bgeu	a5,a4,1000038c <print_dec+0x30>
1000037c:	100017b7          	lui	a5,0x10001
10000380:	01478513          	addi	a0,a5,20 # 10001014 <_etext+0x14>
10000384:	f05ff0ef          	jal	ra,10000288 <print>
10000388:	4100006f          	j	10000798 <print_dec+0x43c>
1000038c:	fec42703          	lw	a4,-20(s0)
10000390:	3e700793          	li	a5,999
10000394:	00e7fe63          	bgeu	a5,a4,100003b0 <print_dec+0x54>
10000398:	03100513          	li	a0,49
1000039c:	e85ff0ef          	jal	ra,10000220 <putchar>
100003a0:	fec42783          	lw	a5,-20(s0)
100003a4:	c1878793          	addi	a5,a5,-1000
100003a8:	fef42623          	sw	a5,-20(s0)
100003ac:	00c0006f          	j	100003b8 <print_dec+0x5c>
100003b0:	02000513          	li	a0,32
100003b4:	e6dff0ef          	jal	ra,10000220 <putchar>
100003b8:	fec42703          	lw	a4,-20(s0)
100003bc:	38300793          	li	a5,899
100003c0:	00e7fe63          	bgeu	a5,a4,100003dc <print_dec+0x80>
100003c4:	03900513          	li	a0,57
100003c8:	e59ff0ef          	jal	ra,10000220 <putchar>
100003cc:	fec42783          	lw	a5,-20(s0)
100003d0:	c7c78793          	addi	a5,a5,-900
100003d4:	fef42623          	sw	a5,-20(s0)
100003d8:	12c0006f          	j	10000504 <print_dec+0x1a8>
100003dc:	fec42703          	lw	a4,-20(s0)
100003e0:	31f00793          	li	a5,799
100003e4:	00e7fe63          	bgeu	a5,a4,10000400 <print_dec+0xa4>
100003e8:	03800513          	li	a0,56
100003ec:	e35ff0ef          	jal	ra,10000220 <putchar>
100003f0:	fec42783          	lw	a5,-20(s0)
100003f4:	ce078793          	addi	a5,a5,-800
100003f8:	fef42623          	sw	a5,-20(s0)
100003fc:	1080006f          	j	10000504 <print_dec+0x1a8>
10000400:	fec42703          	lw	a4,-20(s0)
10000404:	2bb00793          	li	a5,699
10000408:	00e7fe63          	bgeu	a5,a4,10000424 <print_dec+0xc8>
1000040c:	03700513          	li	a0,55
10000410:	e11ff0ef          	jal	ra,10000220 <putchar>
10000414:	fec42783          	lw	a5,-20(s0)
10000418:	d4478793          	addi	a5,a5,-700
1000041c:	fef42623          	sw	a5,-20(s0)
10000420:	0e40006f          	j	10000504 <print_dec+0x1a8>
10000424:	fec42703          	lw	a4,-20(s0)
10000428:	25700793          	li	a5,599
1000042c:	00e7fe63          	bgeu	a5,a4,10000448 <print_dec+0xec>
10000430:	03600513          	li	a0,54
10000434:	dedff0ef          	jal	ra,10000220 <putchar>
10000438:	fec42783          	lw	a5,-20(s0)
1000043c:	da878793          	addi	a5,a5,-600
10000440:	fef42623          	sw	a5,-20(s0)
10000444:	0c00006f          	j	10000504 <print_dec+0x1a8>
10000448:	fec42703          	lw	a4,-20(s0)
1000044c:	1f300793          	li	a5,499
10000450:	00e7fe63          	bgeu	a5,a4,1000046c <print_dec+0x110>
10000454:	03500513          	li	a0,53
10000458:	dc9ff0ef          	jal	ra,10000220 <putchar>
1000045c:	fec42783          	lw	a5,-20(s0)
10000460:	e0c78793          	addi	a5,a5,-500
10000464:	fef42623          	sw	a5,-20(s0)
10000468:	09c0006f          	j	10000504 <print_dec+0x1a8>
1000046c:	fec42703          	lw	a4,-20(s0)
10000470:	18f00793          	li	a5,399
10000474:	00e7fe63          	bgeu	a5,a4,10000490 <print_dec+0x134>
10000478:	03400513          	li	a0,52
1000047c:	da5ff0ef          	jal	ra,10000220 <putchar>
10000480:	fec42783          	lw	a5,-20(s0)
10000484:	e7078793          	addi	a5,a5,-400
10000488:	fef42623          	sw	a5,-20(s0)
1000048c:	0780006f          	j	10000504 <print_dec+0x1a8>
10000490:	fec42703          	lw	a4,-20(s0)
10000494:	12b00793          	li	a5,299
10000498:	00e7fe63          	bgeu	a5,a4,100004b4 <print_dec+0x158>
1000049c:	03300513          	li	a0,51
100004a0:	d81ff0ef          	jal	ra,10000220 <putchar>
100004a4:	fec42783          	lw	a5,-20(s0)
100004a8:	ed478793          	addi	a5,a5,-300
100004ac:	fef42623          	sw	a5,-20(s0)
100004b0:	0540006f          	j	10000504 <print_dec+0x1a8>
100004b4:	fec42703          	lw	a4,-20(s0)
100004b8:	0c700793          	li	a5,199
100004bc:	00e7fe63          	bgeu	a5,a4,100004d8 <print_dec+0x17c>
100004c0:	03200513          	li	a0,50
100004c4:	d5dff0ef          	jal	ra,10000220 <putchar>
100004c8:	fec42783          	lw	a5,-20(s0)
100004cc:	f3878793          	addi	a5,a5,-200
100004d0:	fef42623          	sw	a5,-20(s0)
100004d4:	0300006f          	j	10000504 <print_dec+0x1a8>
100004d8:	fec42703          	lw	a4,-20(s0)
100004dc:	06300793          	li	a5,99
100004e0:	00e7fe63          	bgeu	a5,a4,100004fc <print_dec+0x1a0>
100004e4:	03100513          	li	a0,49
100004e8:	d39ff0ef          	jal	ra,10000220 <putchar>
100004ec:	fec42783          	lw	a5,-20(s0)
100004f0:	f9c78793          	addi	a5,a5,-100
100004f4:	fef42623          	sw	a5,-20(s0)
100004f8:	00c0006f          	j	10000504 <print_dec+0x1a8>
100004fc:	03000513          	li	a0,48
10000500:	d21ff0ef          	jal	ra,10000220 <putchar>
10000504:	fec42703          	lw	a4,-20(s0)
10000508:	05900793          	li	a5,89
1000050c:	00e7fe63          	bgeu	a5,a4,10000528 <print_dec+0x1cc>
10000510:	03900513          	li	a0,57
10000514:	d0dff0ef          	jal	ra,10000220 <putchar>
10000518:	fec42783          	lw	a5,-20(s0)
1000051c:	fa678793          	addi	a5,a5,-90
10000520:	fef42623          	sw	a5,-20(s0)
10000524:	12c0006f          	j	10000650 <print_dec+0x2f4>
10000528:	fec42703          	lw	a4,-20(s0)
1000052c:	04f00793          	li	a5,79
10000530:	00e7fe63          	bgeu	a5,a4,1000054c <print_dec+0x1f0>
10000534:	03800513          	li	a0,56
10000538:	ce9ff0ef          	jal	ra,10000220 <putchar>
1000053c:	fec42783          	lw	a5,-20(s0)
10000540:	fb078793          	addi	a5,a5,-80
10000544:	fef42623          	sw	a5,-20(s0)
10000548:	1080006f          	j	10000650 <print_dec+0x2f4>
1000054c:	fec42703          	lw	a4,-20(s0)
10000550:	04500793          	li	a5,69
10000554:	00e7fe63          	bgeu	a5,a4,10000570 <print_dec+0x214>
10000558:	03700513          	li	a0,55
1000055c:	cc5ff0ef          	jal	ra,10000220 <putchar>
10000560:	fec42783          	lw	a5,-20(s0)
10000564:	fba78793          	addi	a5,a5,-70
10000568:	fef42623          	sw	a5,-20(s0)
1000056c:	0e40006f          	j	10000650 <print_dec+0x2f4>
10000570:	fec42703          	lw	a4,-20(s0)
10000574:	03b00793          	li	a5,59
10000578:	00e7fe63          	bgeu	a5,a4,10000594 <print_dec+0x238>
1000057c:	03600513          	li	a0,54
10000580:	ca1ff0ef          	jal	ra,10000220 <putchar>
10000584:	fec42783          	lw	a5,-20(s0)
10000588:	fc478793          	addi	a5,a5,-60
1000058c:	fef42623          	sw	a5,-20(s0)
10000590:	0c00006f          	j	10000650 <print_dec+0x2f4>
10000594:	fec42703          	lw	a4,-20(s0)
10000598:	03100793          	li	a5,49
1000059c:	00e7fe63          	bgeu	a5,a4,100005b8 <print_dec+0x25c>
100005a0:	03500513          	li	a0,53
100005a4:	c7dff0ef          	jal	ra,10000220 <putchar>
100005a8:	fec42783          	lw	a5,-20(s0)
100005ac:	fce78793          	addi	a5,a5,-50
100005b0:	fef42623          	sw	a5,-20(s0)
100005b4:	09c0006f          	j	10000650 <print_dec+0x2f4>
100005b8:	fec42703          	lw	a4,-20(s0)
100005bc:	02700793          	li	a5,39
100005c0:	00e7fe63          	bgeu	a5,a4,100005dc <print_dec+0x280>
100005c4:	03400513          	li	a0,52
100005c8:	c59ff0ef          	jal	ra,10000220 <putchar>
100005cc:	fec42783          	lw	a5,-20(s0)
100005d0:	fd878793          	addi	a5,a5,-40
100005d4:	fef42623          	sw	a5,-20(s0)
100005d8:	0780006f          	j	10000650 <print_dec+0x2f4>
100005dc:	fec42703          	lw	a4,-20(s0)
100005e0:	01d00793          	li	a5,29
100005e4:	00e7fe63          	bgeu	a5,a4,10000600 <print_dec+0x2a4>
100005e8:	03300513          	li	a0,51
100005ec:	c35ff0ef          	jal	ra,10000220 <putchar>
100005f0:	fec42783          	lw	a5,-20(s0)
100005f4:	fe278793          	addi	a5,a5,-30
100005f8:	fef42623          	sw	a5,-20(s0)
100005fc:	0540006f          	j	10000650 <print_dec+0x2f4>
10000600:	fec42703          	lw	a4,-20(s0)
10000604:	01300793          	li	a5,19
10000608:	00e7fe63          	bgeu	a5,a4,10000624 <print_dec+0x2c8>
1000060c:	03200513          	li	a0,50
10000610:	c11ff0ef          	jal	ra,10000220 <putchar>
10000614:	fec42783          	lw	a5,-20(s0)
10000618:	fec78793          	addi	a5,a5,-20
1000061c:	fef42623          	sw	a5,-20(s0)
10000620:	0300006f          	j	10000650 <print_dec+0x2f4>
10000624:	fec42703          	lw	a4,-20(s0)
10000628:	00900793          	li	a5,9
1000062c:	00e7fe63          	bgeu	a5,a4,10000648 <print_dec+0x2ec>
10000630:	03100513          	li	a0,49
10000634:	bedff0ef          	jal	ra,10000220 <putchar>
10000638:	fec42783          	lw	a5,-20(s0)
1000063c:	ff678793          	addi	a5,a5,-10
10000640:	fef42623          	sw	a5,-20(s0)
10000644:	00c0006f          	j	10000650 <print_dec+0x2f4>
10000648:	03000513          	li	a0,48
1000064c:	bd5ff0ef          	jal	ra,10000220 <putchar>
10000650:	fec42703          	lw	a4,-20(s0)
10000654:	00800793          	li	a5,8
10000658:	00e7fe63          	bgeu	a5,a4,10000674 <print_dec+0x318>
1000065c:	03900513          	li	a0,57
10000660:	bc1ff0ef          	jal	ra,10000220 <putchar>
10000664:	fec42783          	lw	a5,-20(s0)
10000668:	ff778793          	addi	a5,a5,-9
1000066c:	fef42623          	sw	a5,-20(s0)
10000670:	1280006f          	j	10000798 <print_dec+0x43c>
10000674:	fec42703          	lw	a4,-20(s0)
10000678:	00700793          	li	a5,7
1000067c:	00e7fe63          	bgeu	a5,a4,10000698 <print_dec+0x33c>
10000680:	03800513          	li	a0,56
10000684:	b9dff0ef          	jal	ra,10000220 <putchar>
10000688:	fec42783          	lw	a5,-20(s0)
1000068c:	ff878793          	addi	a5,a5,-8
10000690:	fef42623          	sw	a5,-20(s0)
10000694:	1040006f          	j	10000798 <print_dec+0x43c>
10000698:	fec42703          	lw	a4,-20(s0)
1000069c:	00600793          	li	a5,6
100006a0:	00e7fe63          	bgeu	a5,a4,100006bc <print_dec+0x360>
100006a4:	03700513          	li	a0,55
100006a8:	b79ff0ef          	jal	ra,10000220 <putchar>
100006ac:	fec42783          	lw	a5,-20(s0)
100006b0:	ff978793          	addi	a5,a5,-7
100006b4:	fef42623          	sw	a5,-20(s0)
100006b8:	0e00006f          	j	10000798 <print_dec+0x43c>
100006bc:	fec42703          	lw	a4,-20(s0)
100006c0:	00500793          	li	a5,5
100006c4:	00e7fe63          	bgeu	a5,a4,100006e0 <print_dec+0x384>
100006c8:	03600513          	li	a0,54
100006cc:	b55ff0ef          	jal	ra,10000220 <putchar>
100006d0:	fec42783          	lw	a5,-20(s0)
100006d4:	ffa78793          	addi	a5,a5,-6
100006d8:	fef42623          	sw	a5,-20(s0)
100006dc:	0bc0006f          	j	10000798 <print_dec+0x43c>
100006e0:	fec42703          	lw	a4,-20(s0)
100006e4:	00400793          	li	a5,4
100006e8:	00e7fe63          	bgeu	a5,a4,10000704 <print_dec+0x3a8>
100006ec:	03500513          	li	a0,53
100006f0:	b31ff0ef          	jal	ra,10000220 <putchar>
100006f4:	fec42783          	lw	a5,-20(s0)
100006f8:	ffb78793          	addi	a5,a5,-5
100006fc:	fef42623          	sw	a5,-20(s0)
10000700:	0980006f          	j	10000798 <print_dec+0x43c>
10000704:	fec42703          	lw	a4,-20(s0)
10000708:	00300793          	li	a5,3
1000070c:	00e7fe63          	bgeu	a5,a4,10000728 <print_dec+0x3cc>
10000710:	03400513          	li	a0,52
10000714:	b0dff0ef          	jal	ra,10000220 <putchar>
10000718:	fec42783          	lw	a5,-20(s0)
1000071c:	ffc78793          	addi	a5,a5,-4
10000720:	fef42623          	sw	a5,-20(s0)
10000724:	0740006f          	j	10000798 <print_dec+0x43c>
10000728:	fec42703          	lw	a4,-20(s0)
1000072c:	00200793          	li	a5,2
10000730:	00e7fe63          	bgeu	a5,a4,1000074c <print_dec+0x3f0>
10000734:	03300513          	li	a0,51
10000738:	ae9ff0ef          	jal	ra,10000220 <putchar>
1000073c:	fec42783          	lw	a5,-20(s0)
10000740:	ffd78793          	addi	a5,a5,-3
10000744:	fef42623          	sw	a5,-20(s0)
10000748:	0500006f          	j	10000798 <print_dec+0x43c>
1000074c:	fec42703          	lw	a4,-20(s0)
10000750:	00100793          	li	a5,1
10000754:	00e7fe63          	bgeu	a5,a4,10000770 <print_dec+0x414>
10000758:	03200513          	li	a0,50
1000075c:	ac5ff0ef          	jal	ra,10000220 <putchar>
10000760:	fec42783          	lw	a5,-20(s0)
10000764:	ffe78793          	addi	a5,a5,-2
10000768:	fef42623          	sw	a5,-20(s0)
1000076c:	02c0006f          	j	10000798 <print_dec+0x43c>
10000770:	fec42783          	lw	a5,-20(s0)
10000774:	00078e63          	beqz	a5,10000790 <print_dec+0x434>
10000778:	03100513          	li	a0,49
1000077c:	aa5ff0ef          	jal	ra,10000220 <putchar>
10000780:	fec42783          	lw	a5,-20(s0)
10000784:	fff78793          	addi	a5,a5,-1
10000788:	fef42623          	sw	a5,-20(s0)
1000078c:	00c0006f          	j	10000798 <print_dec+0x43c>
10000790:	03000513          	li	a0,48
10000794:	a8dff0ef          	jal	ra,10000220 <putchar>
10000798:	01c12083          	lw	ra,28(sp)
1000079c:	01812403          	lw	s0,24(sp)
100007a0:	02010113          	addi	sp,sp,32
100007a4:	00008067          	ret

100007a8 <print_digit>:
100007a8:	fe010113          	addi	sp,sp,-32
100007ac:	00112e23          	sw	ra,28(sp)
100007b0:	00812c23          	sw	s0,24(sp)
100007b4:	02010413          	addi	s0,sp,32
100007b8:	fea42623          	sw	a0,-20(s0)
100007bc:	fec42783          	lw	a5,-20(s0)
100007c0:	00f7f793          	andi	a5,a5,15
100007c4:	fef42623          	sw	a5,-20(s0)
100007c8:	fec42703          	lw	a4,-20(s0)
100007cc:	00900793          	li	a5,9
100007d0:	00f71863          	bne	a4,a5,100007e0 <print_digit+0x38>
100007d4:	03900513          	li	a0,57
100007d8:	a49ff0ef          	jal	ra,10000220 <putchar>
100007dc:	1700006f          	j	1000094c <print_digit+0x1a4>
100007e0:	fec42703          	lw	a4,-20(s0)
100007e4:	00800793          	li	a5,8
100007e8:	00f71863          	bne	a4,a5,100007f8 <print_digit+0x50>
100007ec:	03800513          	li	a0,56
100007f0:	a31ff0ef          	jal	ra,10000220 <putchar>
100007f4:	1580006f          	j	1000094c <print_digit+0x1a4>
100007f8:	fec42703          	lw	a4,-20(s0)
100007fc:	00700793          	li	a5,7
10000800:	00f71863          	bne	a4,a5,10000810 <print_digit+0x68>
10000804:	03700513          	li	a0,55
10000808:	a19ff0ef          	jal	ra,10000220 <putchar>
1000080c:	1400006f          	j	1000094c <print_digit+0x1a4>
10000810:	fec42703          	lw	a4,-20(s0)
10000814:	00600793          	li	a5,6
10000818:	00f71863          	bne	a4,a5,10000828 <print_digit+0x80>
1000081c:	03600513          	li	a0,54
10000820:	a01ff0ef          	jal	ra,10000220 <putchar>
10000824:	1280006f          	j	1000094c <print_digit+0x1a4>
10000828:	fec42703          	lw	a4,-20(s0)
1000082c:	00500793          	li	a5,5
10000830:	00f71863          	bne	a4,a5,10000840 <print_digit+0x98>
10000834:	03500513          	li	a0,53
10000838:	9e9ff0ef          	jal	ra,10000220 <putchar>
1000083c:	1100006f          	j	1000094c <print_digit+0x1a4>
10000840:	fec42703          	lw	a4,-20(s0)
10000844:	00400793          	li	a5,4
10000848:	00f71863          	bne	a4,a5,10000858 <print_digit+0xb0>
1000084c:	03400513          	li	a0,52
10000850:	9d1ff0ef          	jal	ra,10000220 <putchar>
10000854:	0f80006f          	j	1000094c <print_digit+0x1a4>
10000858:	fec42703          	lw	a4,-20(s0)
1000085c:	00300793          	li	a5,3
10000860:	00f71863          	bne	a4,a5,10000870 <print_digit+0xc8>
10000864:	03300513          	li	a0,51
10000868:	9b9ff0ef          	jal	ra,10000220 <putchar>
1000086c:	0e00006f          	j	1000094c <print_digit+0x1a4>
10000870:	fec42703          	lw	a4,-20(s0)
10000874:	00200793          	li	a5,2
10000878:	00f71863          	bne	a4,a5,10000888 <print_digit+0xe0>
1000087c:	03200513          	li	a0,50
10000880:	9a1ff0ef          	jal	ra,10000220 <putchar>
10000884:	0c80006f          	j	1000094c <print_digit+0x1a4>
10000888:	fec42703          	lw	a4,-20(s0)
1000088c:	00100793          	li	a5,1
10000890:	00f71863          	bne	a4,a5,100008a0 <print_digit+0xf8>
10000894:	03100513          	li	a0,49
10000898:	989ff0ef          	jal	ra,10000220 <putchar>
1000089c:	0b00006f          	j	1000094c <print_digit+0x1a4>
100008a0:	fec42783          	lw	a5,-20(s0)
100008a4:	00079863          	bnez	a5,100008b4 <print_digit+0x10c>
100008a8:	03000513          	li	a0,48
100008ac:	975ff0ef          	jal	ra,10000220 <putchar>
100008b0:	09c0006f          	j	1000094c <print_digit+0x1a4>
100008b4:	fec42703          	lw	a4,-20(s0)
100008b8:	00a00793          	li	a5,10
100008bc:	00f71863          	bne	a4,a5,100008cc <print_digit+0x124>
100008c0:	06100513          	li	a0,97
100008c4:	95dff0ef          	jal	ra,10000220 <putchar>
100008c8:	0840006f          	j	1000094c <print_digit+0x1a4>
100008cc:	fec42703          	lw	a4,-20(s0)
100008d0:	00b00793          	li	a5,11
100008d4:	00f71863          	bne	a4,a5,100008e4 <print_digit+0x13c>
100008d8:	06200513          	li	a0,98
100008dc:	945ff0ef          	jal	ra,10000220 <putchar>
100008e0:	06c0006f          	j	1000094c <print_digit+0x1a4>
100008e4:	fec42703          	lw	a4,-20(s0)
100008e8:	00c00793          	li	a5,12
100008ec:	00f71863          	bne	a4,a5,100008fc <print_digit+0x154>
100008f0:	06300513          	li	a0,99
100008f4:	92dff0ef          	jal	ra,10000220 <putchar>
100008f8:	0540006f          	j	1000094c <print_digit+0x1a4>
100008fc:	fec42703          	lw	a4,-20(s0)
10000900:	00d00793          	li	a5,13
10000904:	00f71863          	bne	a4,a5,10000914 <print_digit+0x16c>
10000908:	06400513          	li	a0,100
1000090c:	915ff0ef          	jal	ra,10000220 <putchar>
10000910:	03c0006f          	j	1000094c <print_digit+0x1a4>
10000914:	fec42703          	lw	a4,-20(s0)
10000918:	00e00793          	li	a5,14
1000091c:	00f71863          	bne	a4,a5,1000092c <print_digit+0x184>
10000920:	06500513          	li	a0,101
10000924:	8fdff0ef          	jal	ra,10000220 <putchar>
10000928:	0240006f          	j	1000094c <print_digit+0x1a4>
1000092c:	fec42703          	lw	a4,-20(s0)
10000930:	00f00793          	li	a5,15
10000934:	00f71863          	bne	a4,a5,10000944 <print_digit+0x19c>
10000938:	06600513          	li	a0,102
1000093c:	8e5ff0ef          	jal	ra,10000220 <putchar>
10000940:	00c0006f          	j	1000094c <print_digit+0x1a4>
10000944:	02a00513          	li	a0,42
10000948:	8d9ff0ef          	jal	ra,10000220 <putchar>
1000094c:	00000013          	nop
10000950:	01c12083          	lw	ra,28(sp)
10000954:	01812403          	lw	s0,24(sp)
10000958:	02010113          	addi	sp,sp,32
1000095c:	00008067          	ret

10000960 <flush_cpu_icache>:
10000960:	ff010113          	addi	sp,sp,-16
10000964:	00812623          	sw	s0,12(sp)
10000968:	01010413          	addi	s0,sp,16
1000096c:	00000013          	nop
10000970:	00c12403          	lw	s0,12(sp)
10000974:	01010113          	addi	sp,sp,16
10000978:	00008067          	ret

1000097c <flush_cpu_dcache>:
1000097c:	ff010113          	addi	sp,sp,-16
10000980:	00812623          	sw	s0,12(sp)
10000984:	01010413          	addi	s0,sp,16
10000988:	00000013          	nop
1000098c:	00c12403          	lw	s0,12(sp)
10000990:	01010113          	addi	sp,sp,16
10000994:	00008067          	ret

10000998 <delay>:
10000998:	fe010113          	addi	sp,sp,-32
1000099c:	00812e23          	sw	s0,28(sp)
100009a0:	02010413          	addi	s0,sp,32
100009a4:	fea42623          	sw	a0,-20(s0)
100009a8:	f00057b7          	lui	a5,0xf0005
100009ac:	00878793          	addi	a5,a5,8 # f0005008 <_fdata_rom+0xe0003f08>
100009b0:	0007a023          	sw	zero,0(a5)
100009b4:	f00057b7          	lui	a5,0xf0005
100009b8:	fec42703          	lw	a4,-20(s0)
100009bc:	00e7a023          	sw	a4,0(a5) # f0005000 <_fdata_rom+0xe0003f00>
100009c0:	f00057b7          	lui	a5,0xf0005
100009c4:	00878793          	addi	a5,a5,8 # f0005008 <_fdata_rom+0xe0003f08>
100009c8:	00100713          	li	a4,1
100009cc:	00e7a023          	sw	a4,0(a5)
100009d0:	f00057b7          	lui	a5,0xf0005
100009d4:	00c78793          	addi	a5,a5,12 # f000500c <_fdata_rom+0xe0003f0c>
100009d8:	00100713          	li	a4,1
100009dc:	00e7a023          	sw	a4,0(a5)
100009e0:	0140006f          	j	100009f4 <delay+0x5c>
100009e4:	f00057b7          	lui	a5,0xf0005
100009e8:	00c78793          	addi	a5,a5,12 # f000500c <_fdata_rom+0xe0003f0c>
100009ec:	00100713          	li	a4,1
100009f0:	00e7a023          	sw	a4,0(a5)
100009f4:	f00057b7          	lui	a5,0xf0005
100009f8:	01078793          	addi	a5,a5,16 # f0005010 <_fdata_rom+0xe0003f10>
100009fc:	0007a783          	lw	a5,0(a5)
10000a00:	fe0792e3          	bnez	a5,100009e4 <delay+0x4c>
10000a04:	00000013          	nop
10000a08:	01c12403          	lw	s0,28(sp)
10000a0c:	02010113          	addi	sp,sp,32
10000a10:	00008067          	ret

10000a14 <putdword>:
10000a14:	fe010113          	addi	sp,sp,-32
10000a18:	00112e23          	sw	ra,28(sp)
10000a1c:	00812c23          	sw	s0,24(sp)
10000a20:	02010413          	addi	s0,sp,32
10000a24:	fea42623          	sw	a0,-20(s0)
10000a28:	f00067b7          	lui	a5,0xf0006
10000a2c:	80078793          	addi	a5,a5,-2048 # f0005800 <_fdata_rom+0xe0004700>
10000a30:	fec42703          	lw	a4,-20(s0)
10000a34:	01875713          	srli	a4,a4,0x18
10000a38:	00e7a023          	sw	a4,0(a5)
10000a3c:	f00067b7          	lui	a5,0xf0006
10000a40:	80078793          	addi	a5,a5,-2048 # f0005800 <_fdata_rom+0xe0004700>
10000a44:	fec42703          	lw	a4,-20(s0)
10000a48:	01075713          	srli	a4,a4,0x10
10000a4c:	00e7a023          	sw	a4,0(a5)
10000a50:	f00067b7          	lui	a5,0xf0006
10000a54:	80078793          	addi	a5,a5,-2048 # f0005800 <_fdata_rom+0xe0004700>
10000a58:	fec42703          	lw	a4,-20(s0)
10000a5c:	00875713          	srli	a4,a4,0x8
10000a60:	00e7a023          	sw	a4,0(a5)
10000a64:	f00067b7          	lui	a5,0xf0006
10000a68:	80078793          	addi	a5,a5,-2048 # f0005800 <_fdata_rom+0xe0004700>
10000a6c:	fec42703          	lw	a4,-20(s0)
10000a70:	00e7a023          	sw	a4,0(a5)
10000a74:	000187b7          	lui	a5,0x18
10000a78:	6a078513          	addi	a0,a5,1696 # 186a0 <_fstack+0x182a0>
10000a7c:	f1dff0ef          	jal	ra,10000998 <delay>
10000a80:	00000013          	nop
10000a84:	01c12083          	lw	ra,28(sp)
10000a88:	01812403          	lw	s0,24(sp)
10000a8c:	02010113          	addi	sp,sp,32
10000a90:	00008067          	ret

10000a94 <configure_io>:
10000a94:	ff010113          	addi	sp,sp,-16
10000a98:	00812623          	sw	s0,12(sp)
10000a9c:	01010413          	addi	s0,sp,16
10000aa0:	260007b7          	lui	a5,0x26000
10000aa4:	02478793          	addi	a5,a5,36 # 26000024 <_fdata_rom+0x15ffef24>
10000aa8:	00b00713          	li	a4,11
10000aac:	00e7a023          	sw	a4,0(a5)
10000ab0:	260007b7          	lui	a5,0x26000
10000ab4:	02878793          	addi	a5,a5,40 # 26000028 <_fdata_rom+0x15ffef28>
10000ab8:	00002737          	lui	a4,0x2
10000abc:	80970713          	addi	a4,a4,-2039 # 1809 <_fstack+0x1409>
10000ac0:	00e7a023          	sw	a4,0(a5)
10000ac4:	260007b7          	lui	a5,0x26000
10000ac8:	02c78793          	addi	a5,a5,44 # 2600002c <_fdata_rom+0x15ffef2c>
10000acc:	00002737          	lui	a4,0x2
10000ad0:	80070713          	addi	a4,a4,-2048 # 1800 <_fstack+0x1400>
10000ad4:	00e7a023          	sw	a4,0(a5)
10000ad8:	260007b7          	lui	a5,0x26000
10000adc:	03078793          	addi	a5,a5,48 # 26000030 <_fdata_rom+0x15ffef30>
10000ae0:	00002737          	lui	a4,0x2
10000ae4:	80070713          	addi	a4,a4,-2048 # 1800 <_fstack+0x1400>
10000ae8:	00e7a023          	sw	a4,0(a5)
10000aec:	260007b7          	lui	a5,0x26000
10000af0:	03478793          	addi	a5,a5,52 # 26000034 <_fdata_rom+0x15ffef34>
10000af4:	00002737          	lui	a4,0x2
10000af8:	80070713          	addi	a4,a4,-2048 # 1800 <_fstack+0x1400>
10000afc:	00e7a023          	sw	a4,0(a5)
10000b00:	260007b7          	lui	a5,0x26000
10000b04:	03878793          	addi	a5,a5,56 # 26000038 <_fdata_rom+0x15ffef38>
10000b08:	00002737          	lui	a4,0x2
10000b0c:	80070713          	addi	a4,a4,-2048 # 1800 <_fstack+0x1400>
10000b10:	00e7a023          	sw	a4,0(a5)
10000b14:	260007b7          	lui	a5,0x26000
10000b18:	03c78793          	addi	a5,a5,60 # 2600003c <_fdata_rom+0x15ffef3c>
10000b1c:	00002737          	lui	a4,0x2
10000b20:	80070713          	addi	a4,a4,-2048 # 1800 <_fstack+0x1400>
10000b24:	00e7a023          	sw	a4,0(a5)
10000b28:	260007b7          	lui	a5,0x26000
10000b2c:	04078793          	addi	a5,a5,64 # 26000040 <_fdata_rom+0x15ffef40>
10000b30:	00002737          	lui	a4,0x2
10000b34:	80070713          	addi	a4,a4,-2048 # 1800 <_fstack+0x1400>
10000b38:	00e7a023          	sw	a4,0(a5)
10000b3c:	260007b7          	lui	a5,0x26000
10000b40:	04478793          	addi	a5,a5,68 # 26000044 <_fdata_rom+0x15ffef44>
10000b44:	00002737          	lui	a4,0x2
10000b48:	80070713          	addi	a4,a4,-2048 # 1800 <_fstack+0x1400>
10000b4c:	00e7a023          	sw	a4,0(a5)
10000b50:	260007b7          	lui	a5,0x26000
10000b54:	04878793          	addi	a5,a5,72 # 26000048 <_fdata_rom+0x15ffef48>
10000b58:	00002737          	lui	a4,0x2
10000b5c:	80070713          	addi	a4,a4,-2048 # 1800 <_fstack+0x1400>
10000b60:	00e7a023          	sw	a4,0(a5)
10000b64:	260007b7          	lui	a5,0x26000
10000b68:	04c78793          	addi	a5,a5,76 # 2600004c <_fdata_rom+0x15ffef4c>
10000b6c:	00002737          	lui	a4,0x2
10000b70:	80070713          	addi	a4,a4,-2048 # 1800 <_fstack+0x1400>
10000b74:	00e7a023          	sw	a4,0(a5)
10000b78:	260007b7          	lui	a5,0x26000
10000b7c:	05078793          	addi	a5,a5,80 # 26000050 <_fdata_rom+0x15ffef50>
10000b80:	00002737          	lui	a4,0x2
10000b84:	80070713          	addi	a4,a4,-2048 # 1800 <_fstack+0x1400>
10000b88:	00e7a023          	sw	a4,0(a5)
10000b8c:	260007b7          	lui	a5,0x26000
10000b90:	05478793          	addi	a5,a5,84 # 26000054 <_fdata_rom+0x15ffef54>
10000b94:	00002737          	lui	a4,0x2
10000b98:	80070713          	addi	a4,a4,-2048 # 1800 <_fstack+0x1400>
10000b9c:	00e7a023          	sw	a4,0(a5)
10000ba0:	260007b7          	lui	a5,0x26000
10000ba4:	05878793          	addi	a5,a5,88 # 26000058 <_fdata_rom+0x15ffef58>
10000ba8:	00002737          	lui	a4,0x2
10000bac:	80070713          	addi	a4,a4,-2048 # 1800 <_fstack+0x1400>
10000bb0:	00e7a023          	sw	a4,0(a5)
10000bb4:	260007b7          	lui	a5,0x26000
10000bb8:	05c78793          	addi	a5,a5,92 # 2600005c <_fdata_rom+0x15ffef5c>
10000bbc:	00002737          	lui	a4,0x2
10000bc0:	80070713          	addi	a4,a4,-2048 # 1800 <_fstack+0x1400>
10000bc4:	00e7a023          	sw	a4,0(a5)
10000bc8:	260007b7          	lui	a5,0x26000
10000bcc:	06078793          	addi	a5,a5,96 # 26000060 <_fdata_rom+0x15ffef60>
10000bd0:	00002737          	lui	a4,0x2
10000bd4:	80070713          	addi	a4,a4,-2048 # 1800 <_fstack+0x1400>
10000bd8:	00e7a023          	sw	a4,0(a5)
10000bdc:	260007b7          	lui	a5,0x26000
10000be0:	06478793          	addi	a5,a5,100 # 26000064 <_fdata_rom+0x15ffef64>
10000be4:	00002737          	lui	a4,0x2
10000be8:	80070713          	addi	a4,a4,-2048 # 1800 <_fstack+0x1400>
10000bec:	00e7a023          	sw	a4,0(a5)
10000bf0:	260007b7          	lui	a5,0x26000
10000bf4:	06878793          	addi	a5,a5,104 # 26000068 <_fdata_rom+0x15ffef68>
10000bf8:	00002737          	lui	a4,0x2
10000bfc:	80070713          	addi	a4,a4,-2048 # 1800 <_fstack+0x1400>
10000c00:	00e7a023          	sw	a4,0(a5)
10000c04:	260007b7          	lui	a5,0x26000
10000c08:	06c78793          	addi	a5,a5,108 # 2600006c <_fdata_rom+0x15ffef6c>
10000c0c:	00002737          	lui	a4,0x2
10000c10:	80070713          	addi	a4,a4,-2048 # 1800 <_fstack+0x1400>
10000c14:	00e7a023          	sw	a4,0(a5)
10000c18:	260007b7          	lui	a5,0x26000
10000c1c:	07078793          	addi	a5,a5,112 # 26000070 <_fdata_rom+0x15ffef70>
10000c20:	00002737          	lui	a4,0x2
10000c24:	80070713          	addi	a4,a4,-2048 # 1800 <_fstack+0x1400>
10000c28:	00e7a023          	sw	a4,0(a5)
10000c2c:	260007b7          	lui	a5,0x26000
10000c30:	07478793          	addi	a5,a5,116 # 26000074 <_fdata_rom+0x15ffef74>
10000c34:	00002737          	lui	a4,0x2
10000c38:	80070713          	addi	a4,a4,-2048 # 1800 <_fstack+0x1400>
10000c3c:	00e7a023          	sw	a4,0(a5)
10000c40:	260007b7          	lui	a5,0x26000
10000c44:	07878793          	addi	a5,a5,120 # 26000078 <_fdata_rom+0x15ffef78>
10000c48:	00002737          	lui	a4,0x2
10000c4c:	80070713          	addi	a4,a4,-2048 # 1800 <_fstack+0x1400>
10000c50:	00e7a023          	sw	a4,0(a5)
10000c54:	260007b7          	lui	a5,0x26000
10000c58:	07c78793          	addi	a5,a5,124 # 2600007c <_fdata_rom+0x15ffef7c>
10000c5c:	00002737          	lui	a4,0x2
10000c60:	80070713          	addi	a4,a4,-2048 # 1800 <_fstack+0x1400>
10000c64:	00e7a023          	sw	a4,0(a5)
10000c68:	260007b7          	lui	a5,0x26000
10000c6c:	08078793          	addi	a5,a5,128 # 26000080 <_fdata_rom+0x15ffef80>
10000c70:	00002737          	lui	a4,0x2
10000c74:	80070713          	addi	a4,a4,-2048 # 1800 <_fstack+0x1400>
10000c78:	00e7a023          	sw	a4,0(a5)
10000c7c:	260007b7          	lui	a5,0x26000
10000c80:	08478793          	addi	a5,a5,132 # 26000084 <_fdata_rom+0x15ffef84>
10000c84:	00002737          	lui	a4,0x2
10000c88:	80070713          	addi	a4,a4,-2048 # 1800 <_fstack+0x1400>
10000c8c:	00e7a023          	sw	a4,0(a5)
10000c90:	260007b7          	lui	a5,0x26000
10000c94:	08878793          	addi	a5,a5,136 # 26000088 <_fdata_rom+0x15ffef88>
10000c98:	00002737          	lui	a4,0x2
10000c9c:	80070713          	addi	a4,a4,-2048 # 1800 <_fstack+0x1400>
10000ca0:	00e7a023          	sw	a4,0(a5)
10000ca4:	260007b7          	lui	a5,0x26000
10000ca8:	08c78793          	addi	a5,a5,140 # 2600008c <_fdata_rom+0x15ffef8c>
10000cac:	00002737          	lui	a4,0x2
10000cb0:	80070713          	addi	a4,a4,-2048 # 1800 <_fstack+0x1400>
10000cb4:	00e7a023          	sw	a4,0(a5)
10000cb8:	260007b7          	lui	a5,0x26000
10000cbc:	09078793          	addi	a5,a5,144 # 26000090 <_fdata_rom+0x15ffef90>
10000cc0:	00002737          	lui	a4,0x2
10000cc4:	80070713          	addi	a4,a4,-2048 # 1800 <_fstack+0x1400>
10000cc8:	00e7a023          	sw	a4,0(a5)
10000ccc:	260007b7          	lui	a5,0x26000
10000cd0:	09478793          	addi	a5,a5,148 # 26000094 <_fdata_rom+0x15ffef94>
10000cd4:	00002737          	lui	a4,0x2
10000cd8:	80070713          	addi	a4,a4,-2048 # 1800 <_fstack+0x1400>
10000cdc:	00e7a023          	sw	a4,0(a5)
10000ce0:	260007b7          	lui	a5,0x26000
10000ce4:	09878793          	addi	a5,a5,152 # 26000098 <_fdata_rom+0x15ffef98>
10000ce8:	00002737          	lui	a4,0x2
10000cec:	80070713          	addi	a4,a4,-2048 # 1800 <_fstack+0x1400>
10000cf0:	00e7a023          	sw	a4,0(a5)
10000cf4:	260007b7          	lui	a5,0x26000
10000cf8:	09c78793          	addi	a5,a5,156 # 2600009c <_fdata_rom+0x15ffef9c>
10000cfc:	00002737          	lui	a4,0x2
10000d00:	80070713          	addi	a4,a4,-2048 # 1800 <_fstack+0x1400>
10000d04:	00e7a023          	sw	a4,0(a5)
10000d08:	260007b7          	lui	a5,0x26000
10000d0c:	0a078793          	addi	a5,a5,160 # 260000a0 <_fdata_rom+0x15ffefa0>
10000d10:	00002737          	lui	a4,0x2
10000d14:	80070713          	addi	a4,a4,-2048 # 1800 <_fstack+0x1400>
10000d18:	00e7a023          	sw	a4,0(a5)
10000d1c:	260007b7          	lui	a5,0x26000
10000d20:	0a478793          	addi	a5,a5,164 # 260000a4 <_fdata_rom+0x15ffefa4>
10000d24:	00002737          	lui	a4,0x2
10000d28:	80070713          	addi	a4,a4,-2048 # 1800 <_fstack+0x1400>
10000d2c:	00e7a023          	sw	a4,0(a5)
10000d30:	260007b7          	lui	a5,0x26000
10000d34:	0a878793          	addi	a5,a5,168 # 260000a8 <_fdata_rom+0x15ffefa8>
10000d38:	00002737          	lui	a4,0x2
10000d3c:	80070713          	addi	a4,a4,-2048 # 1800 <_fstack+0x1400>
10000d40:	00e7a023          	sw	a4,0(a5)
10000d44:	260007b7          	lui	a5,0x26000
10000d48:	0ac78793          	addi	a5,a5,172 # 260000ac <_fdata_rom+0x15ffefac>
10000d4c:	00002737          	lui	a4,0x2
10000d50:	80070713          	addi	a4,a4,-2048 # 1800 <_fstack+0x1400>
10000d54:	00e7a023          	sw	a4,0(a5)
10000d58:	260007b7          	lui	a5,0x26000
10000d5c:	0b078793          	addi	a5,a5,176 # 260000b0 <_fdata_rom+0x15ffefb0>
10000d60:	00002737          	lui	a4,0x2
10000d64:	80070713          	addi	a4,a4,-2048 # 1800 <_fstack+0x1400>
10000d68:	00e7a023          	sw	a4,0(a5)
10000d6c:	260007b7          	lui	a5,0x26000
10000d70:	0b478793          	addi	a5,a5,180 # 260000b4 <_fdata_rom+0x15ffefb4>
10000d74:	00002737          	lui	a4,0x2
10000d78:	80070713          	addi	a4,a4,-2048 # 1800 <_fstack+0x1400>
10000d7c:	00e7a023          	sw	a4,0(a5)
10000d80:	260007b7          	lui	a5,0x26000
10000d84:	0b878793          	addi	a5,a5,184 # 260000b8 <_fdata_rom+0x15ffefb8>
10000d88:	00002737          	lui	a4,0x2
10000d8c:	80070713          	addi	a4,a4,-2048 # 1800 <_fstack+0x1400>
10000d90:	00e7a023          	sw	a4,0(a5)
10000d94:	260007b7          	lui	a5,0x26000
10000d98:	00100713          	li	a4,1
10000d9c:	00e7a023          	sw	a4,0(a5) # 26000000 <_fdata_rom+0x15ffef00>
10000da0:	00000013          	nop
10000da4:	260007b7          	lui	a5,0x26000
10000da8:	0007a703          	lw	a4,0(a5) # 26000000 <_fdata_rom+0x15ffef00>
10000dac:	00100793          	li	a5,1
10000db0:	fef70ae3          	beq	a4,a5,10000da4 <configure_io+0x310>
10000db4:	00000013          	nop
10000db8:	00c12403          	lw	s0,12(sp)
10000dbc:	01010113          	addi	sp,sp,16
10000dc0:	00008067          	ret

10000dc4 <main>:
10000dc4:	fe010113          	addi	sp,sp,-32
10000dc8:	00112e23          	sw	ra,28(sp)
10000dcc:	00812c23          	sw	s0,24(sp)
10000dd0:	02010413          	addi	s0,sp,32
10000dd4:	fe042623          	sw	zero,-20(s0)
10000dd8:	f00037b7          	lui	a5,0xf0003
10000ddc:	80078793          	addi	a5,a5,-2048 # f0002800 <_fdata_rom+0xe0001700>
10000de0:	00100713          	li	a4,1
10000de4:	00e7a023          	sw	a4,0(a5)
10000de8:	f00037b7          	lui	a5,0xf0003
10000dec:	80478793          	addi	a5,a5,-2044 # f0002804 <_fdata_rom+0xe0001704>
10000df0:	0007a023          	sw	zero,0(a5)
10000df4:	f00037b7          	lui	a5,0xf0003
10000df8:	80878793          	addi	a5,a5,-2040 # f0002808 <_fdata_rom+0xe0001708>
10000dfc:	00100713          	li	a4,1
10000e00:	00e7a023          	sw	a4,0(a5)
10000e04:	f00037b7          	lui	a5,0xf0003
10000e08:	80c78793          	addi	a5,a5,-2036 # f000280c <_fdata_rom+0xe000170c>
10000e0c:	00100713          	li	a4,1
10000e10:	00e7a023          	sw	a4,0(a5)
10000e14:	c81ff0ef          	jal	ra,10000a94 <configure_io>
10000e18:	f00047b7          	lui	a5,0xf0004
10000e1c:	80078793          	addi	a5,a5,-2048 # f0003800 <_fdata_rom+0xe0002700>
10000e20:	00100713          	li	a4,1
10000e24:	00e7a023          	sw	a4,0(a5)
10000e28:	f00037b7          	lui	a5,0xf0003
10000e2c:	00c78713          	addi	a4,a5,12 # f000300c <_fdata_rom+0xe0001f0c>
10000e30:	fff00793          	li	a5,-1
10000e34:	00f72023          	sw	a5,0(a4)
10000e38:	f0003737          	lui	a4,0xf0003
10000e3c:	01c70713          	addi	a4,a4,28 # f000301c <_fdata_rom+0xe0001f1c>
10000e40:	00f72023          	sw	a5,0(a4)
10000e44:	f00037b7          	lui	a5,0xf0003
10000e48:	00878713          	addi	a4,a5,8 # f0003008 <_fdata_rom+0xe0001f08>
10000e4c:	00000793          	li	a5,0
10000e50:	00f72023          	sw	a5,0(a4)
10000e54:	f0003737          	lui	a4,0xf0003
10000e58:	01870713          	addi	a4,a4,24 # f0003018 <_fdata_rom+0xe0001f18>
10000e5c:	00f72023          	sw	a5,0(a4)
10000e60:	f00037b7          	lui	a5,0xf0003
10000e64:	00478713          	addi	a4,a5,4 # f0003004 <_fdata_rom+0xe0001f04>
10000e68:	00000793          	li	a5,0
10000e6c:	00f72023          	sw	a5,0(a4)
10000e70:	f0003737          	lui	a4,0xf0003
10000e74:	01470713          	addi	a4,a4,20 # f0003014 <_fdata_rom+0xe0001f14>
10000e78:	00f72023          	sw	a5,0(a4)
10000e7c:	f0003737          	lui	a4,0xf0003
10000e80:	00000793          	li	a5,0
10000e84:	00f72023          	sw	a5,0(a4) # f0003000 <_fdata_rom+0xe0001f00>
10000e88:	f0003737          	lui	a4,0xf0003
10000e8c:	01070713          	addi	a4,a4,16 # f0003010 <_fdata_rom+0xe0001f10>
10000e90:	00f72023          	sw	a5,0(a4)
10000e94:	f00037b7          	lui	a5,0xf0003
10000e98:	03c78793          	addi	a5,a5,60 # f000303c <_fdata_rom+0xe0001f3c>
10000e9c:	09600713          	li	a4,150
10000ea0:	00e7a023          	sw	a4,0(a5)
10000ea4:	300807b7          	lui	a5,0x30080
10000ea8:	01478793          	addi	a5,a5,20 # 30080014 <_fdata_rom+0x2007ef14>
10000eac:	00006737          	lui	a4,0x6
10000eb0:	00e7a023          	sw	a4,0(a5)
10000eb4:	300807b7          	lui	a5,0x30080
10000eb8:	0007a023          	sw	zero,0(a5) # 30080000 <_fdata_rom+0x2007ef00>
10000ebc:	300807b7          	lui	a5,0x30080
10000ec0:	00100713          	li	a4,1
10000ec4:	00e7a023          	sw	a4,0(a5) # 30080000 <_fdata_rom+0x2007ef00>
10000ec8:	300207b7          	lui	a5,0x30020
10000ecc:	00478793          	addi	a5,a5,4 # 30020004 <_fdata_rom+0x2001ef04>
10000ed0:	01f00713          	li	a4,31
10000ed4:	00e7a023          	sw	a4,0(a5)
10000ed8:	300007b7          	lui	a5,0x30000
10000edc:	01c78793          	addi	a5,a5,28 # 3000001c <_fdata_rom+0x1fffef1c>
10000ee0:	00100713          	li	a4,1
10000ee4:	00e7a023          	sw	a4,0(a5)
10000ee8:	300007b7          	lui	a5,0x30000
10000eec:	02078793          	addi	a5,a5,32 # 30000020 <_fdata_rom+0x1fffef20>
10000ef0:	01010737          	lui	a4,0x1010
10000ef4:	03170713          	addi	a4,a4,49 # 1010031 <_fstack+0x100fc31>
10000ef8:	00e7a023          	sw	a4,0(a5)
10000efc:	300007b7          	lui	a5,0x30000
10000f00:	02878793          	addi	a5,a5,40 # 30000028 <_fdata_rom+0x1fffef28>
10000f04:	00200713          	li	a4,2
10000f08:	00e7a023          	sw	a4,0(a5)
10000f0c:	300007b7          	lui	a5,0x30000
10000f10:	00478793          	addi	a5,a5,4 # 30000004 <_fdata_rom+0x1fffef04>
10000f14:	61980737          	lui	a4,0x61980
10000f18:	0eb70713          	addi	a4,a4,235 # 619800eb <_fdata_rom+0x5197efeb>
10000f1c:	00e7a023          	sw	a4,0(a5)
10000f20:	300007b7          	lui	a5,0x30000
10000f24:	01c78793          	addi	a5,a5,28 # 3000001c <_fdata_rom+0x1fffef1c>
10000f28:	00400713          	li	a4,4
10000f2c:	00e7a023          	sw	a4,0(a5)
10000f30:	300007b7          	lui	a5,0x30000
10000f34:	02078793          	addi	a5,a5,32 # 30000020 <_fdata_rom+0x1fffef20>
10000f38:	03800713          	li	a4,56
10000f3c:	00e7a023          	sw	a4,0(a5)
10000f40:	300007b7          	lui	a5,0x30000
10000f44:	02878793          	addi	a5,a5,40 # 30000028 <_fdata_rom+0x1fffef28>
10000f48:	0007a023          	sw	zero,0(a5)
10000f4c:	300007b7          	lui	a5,0x30000
10000f50:	00c78793          	addi	a5,a5,12 # 3000000c <_fdata_rom+0x1fffef0c>
10000f54:	408a0737          	lui	a4,0x408a0
10000f58:	00370713          	addi	a4,a4,3 # 408a0003 <_fdata_rom+0x3089ef03>
10000f5c:	00e7a023          	sw	a4,0(a5)
10000f60:	300007b7          	lui	a5,0x30000
10000f64:	01078793          	addi	a5,a5,16 # 30000010 <_fdata_rom+0x1fffef10>
10000f68:	708a0737          	lui	a4,0x708a0
10000f6c:	00270713          	addi	a4,a4,2 # 708a0002 <_fdata_rom+0x6089ef02>
10000f70:	00e7a023          	sw	a4,0(a5)
10000f74:	0bebc7b7          	lui	a5,0xbebc
10000f78:	20078513          	addi	a0,a5,512 # bebc200 <_fstack+0xbebbe00>
10000f7c:	a1dff0ef          	jal	ra,10000998 <delay>
10000f80:	0380006f          	j	10000fb8 <main+0x1f4>
10000f84:	f00037b7          	lui	a5,0xf0003
10000f88:	81478793          	addi	a5,a5,-2028 # f0002814 <_fdata_rom+0xe0001714>
10000f8c:	00100713          	li	a4,1
10000f90:	00e7a023          	sw	a4,0(a5)
10000f94:	007a17b7          	lui	a5,0x7a1
10000f98:	20078513          	addi	a0,a5,512 # 7a1200 <_fstack+0x7a0e00>
10000f9c:	9fdff0ef          	jal	ra,10000998 <delay>
10000fa0:	f00037b7          	lui	a5,0xf0003
10000fa4:	81478793          	addi	a5,a5,-2028 # f0002814 <_fdata_rom+0xe0001714>
10000fa8:	0007a023          	sw	zero,0(a5)
10000fac:	007a17b7          	lui	a5,0x7a1
10000fb0:	20078513          	addi	a0,a5,512 # 7a1200 <_fstack+0x7a0e00>
10000fb4:	9e5ff0ef          	jal	ra,10000998 <delay>
10000fb8:	fec42783          	lw	a5,-20(s0)
10000fbc:	fc0784e3          	beqz	a5,10000f84 <main+0x1c0>
10000fc0:	00000013          	nop
10000fc4:	01c12083          	lw	ra,28(sp)
10000fc8:	01812403          	lw	s0,24(sp)
10000fcc:	02010113          	addi	sp,sp,32
10000fd0:	00008067          	ret
	...

Disassembly of section .rodata:

10001000 <_frodata>:
10001000:	3130                	fld	fa2,96(a0)
10001002:	3332                	fld	ft6,296(sp)
10001004:	3534                	fld	fa3,104(a0)
10001006:	3736                	fld	fa4,360(sp)
10001008:	3938                	fld	fa4,112(a0)
1000100a:	6261                	lui	tp,0x18
1000100c:	66656463          	bltu	a0,t1,10001674 <_erodata+0x574>
10001010:	0000                	unimp
10001012:	0000                	unimp
10001014:	5245564f          	fnmadd.d	fa2,fa0,ft4,fa0,unknown
	...

Disassembly of section .bss:

00000000 <i>:
   0:	0000                	unimp
	...

00000004 <clk>:
   4:	0000                	unimp
	...

00000008 <flag>:
	...

Disassembly of section .comment:

00000000 <.comment>:
   0:	3a434347          	fmsub.d	ft6,ft6,ft4,ft7,rmm
   4:	2820                	fld	fs0,80(s0)
   6:	29554e47          	fmsub.s	ft8,fa0,fs5,ft5,rmm
   a:	3820                	fld	fs0,112(s0)
   c:	322e                	fld	ft4,232(sp)
   e:	302e                	fld	ft0,232(sp)
	...
